<?xml version="1.0" encoding="UTF-8"?>
<!-- Generated by org.testng.reporters.JUnitReportReporter -->
<testsuite hostname="LAPTOP-5KMFOFH9" failures="0" tests="1" name="com.JavaScriptExecutor.JavaScriptExecutorScrollScenario" time="7.677" errors="0" timestamp="2024-10-05T09:22:52 IST" skipped="0">
  <testcase classname="com.JavaScriptExecutor.JavaScriptExecutorScrollScenario" name="testScroll" time="7.677"/>
  <system-out/>
</testsuite> <!-- com.JavaScriptExecutor.JavaScriptExecutorScrollScenario -->
