<?xml version="1.0" encoding="UTF-8"?>
<!-- Generated by org.testng.reporters.JUnitReportReporter -->
<testsuite hostname="LAPTOP-5KMFOFH9" failures="0" tests="1" name="com.WebElementHandling.RedBusCalendarAutomation" time="5.687" errors="0" timestamp="2024-09-28T09:20:04 IST" skipped="0">
  <testcase classname="com.WebElementHandling.RedBusCalendarAutomation" name="testCalendar" time="5.687"/>
  <system-out/>
</testsuite> <!-- com.WebElementHandling.RedBusCalendarAutomation -->
