<?xml version="1.0" encoding="UTF-8"?>
<!-- Generated by org.testng.reporters.JUnitReportReporter -->
<testsuite hostname="LAPTOP-5KMFOFH9" failures="0" tests="1" name="com.WebElementHandling.AmazonDropdownAutomation" time="11.783" errors="0" timestamp="2024-09-22T09:46:13 IST" skipped="0">
  <testcase classname="com.WebElementHandling.AmazonDropdownAutomation" name="testDropdown" time="11.783"/>
  <system-out/>
</testsuite> <!-- com.WebElementHandling.AmazonDropdownAutomation -->
