<?xml version="1.0" encoding="UTF-8"?>
<!-- Generated by org.testng.reporters.JUnitReportReporter -->
<testsuite hostname="LAPTOP-5KMFOFH9" failures="0" tests="1" name="com.WebElementHandling.GoogleSearch" time="5.144" errors="0" timestamp="2024-09-28T07:45:25 IST" skipped="0">
  <testcase classname="com.WebElementHandling.GoogleSearch" name="testGoogleSearch" time="5.144"/>
  <system-out/>
</testsuite> <!-- com.WebElementHandling.GoogleSearch -->
