<?xml version="1.0" encoding="UTF-8"?>
<!-- Generated by org.testng.reporters.JUnitReportReporter -->
<testsuite hostname="LAPTOP-5KMFOFH9" failures="0" tests="1" name="com.WebElementHandling.AmazonFooter" time="5.432" errors="0" timestamp="2024-09-28T07:56:55 IST" skipped="0">
  <testcase classname="com.WebElementHandling.AmazonFooter" name="footerTest" time="5.432"/>
  <system-out/>
</testsuite> <!-- com.WebElementHandling.AmazonFooter -->
