<?xml version="1.0" encoding="UTF-8"?>
<!-- Generated by org.testng.reporters.JUnitReportReporter -->
<testsuite hostname="LAPTOP-5KMFOFH9" failures="0" tests="1" name="com.Capabilities.FileUploadUsingRobotClass" time="13.692" errors="0" timestamp="2024-10-06T09:16:49 IST" skipped="0">
  <testcase classname="com.Capabilities.FileUploadUsingRobotClass" name="testUpload" time="13.692"/>
  <system-out/>
</testsuite> <!-- com.Capabilities.FileUploadUsingRobotClass -->
