<?xml version="1.0" encoding="UTF-8"?>
<!-- Generated by org.testng.reporters.JUnitReportReporter -->
<testsuite hostname="LAPTOP-5KMFOFH9" failures="0" tests="1" name="com.Capabilities.HeadlessBrowserTest" time="7.537" errors="0" timestamp="2024-10-06T08:35:50 IST" skipped="0">
  <testcase classname="com.Capabilities.HeadlessBrowserTest" name="testHeadless" time="7.537"/>
  <system-out/>
</testsuite> <!-- com.Capabilities.HeadlessBrowserTest -->
