<?xml version="1.0" encoding="UTF-8"?>
<!-- Generated by org.testng.reporters.JUnitReportReporter -->
<testsuite hostname="LAPTOP-5KMFOFH9" failures="0" tests="1" name="com.MouseOperations.ToolTipAutomation" time="5.279" errors="0" timestamp="2024-10-06T08:11:55 IST" skipped="0">
  <testcase classname="com.MouseOperations.ToolTipAutomation" name="testToolTip" time="5.279"/>
  <system-out/>
</testsuite> <!-- com.MouseOperations.ToolTipAutomation -->
