<?xml version="1.0" encoding="UTF-8"?>
<!-- Generated by org.testng.reporters.JUnitReportReporter -->
<testsuite hostname="LAPTOP-5KMFOFH9" failures="0" tests="1" name="com.WebElementHandlingDay_2.AlertDemo1" time="5.616" errors="0" timestamp="2024-09-29T08:53:32 IST" skipped="0">
  <testcase classname="com.WebElementHandlingDay_2.AlertDemo1" name="testAlert" time="5.616"/>
  <system-out/>
</testsuite> <!-- com.WebElementHandlingDay_2.AlertDemo1 -->
