<?xml version="1.0" encoding="UTF-8"?>
<!-- Generated by org.testng.reporters.JUnitReportReporter -->
<testsuite hostname="LAPTOP-5KMFOFH9" failures="0" tests="1" name="com.WebElementHandling.RedbusDropdownAutomation" time="5.674" errors="0" timestamp="2024-09-28T08:38:06 IST" skipped="0">
  <testcase classname="com.WebElementHandling.RedbusDropdownAutomation" name="testDropdown" time="5.674"/>
  <system-out/>
</testsuite> <!-- com.WebElementHandling.RedbusDropdownAutomation -->
