<?xml version="1.0" encoding="UTF-8"?>
<!-- Generated by org.testng.reporters.JUnitReportReporter -->
<testsuite hostname="LAPTOP-5KMFOFH9" failures="0" tests="1" name="com.MouseOperations.DoubleClickAction" time="6.972" errors="0" timestamp="2024-10-05T10:10:54 IST" skipped="0">
  <testcase classname="com.MouseOperations.DoubleClickAction" name="testDoubleClick" time="6.972"/>
  <system-out/>
</testsuite> <!-- com.MouseOperations.DoubleClickAction -->
