<?xml version="1.0" encoding="UTF-8"?>
<!-- Generated by org.testng.reporters.JUnitReportReporter -->
<testsuite hostname="LAPTOP-5KMFOFH9" failures="0" tests="1" name="com.Capabilities.GetAllCapabilities" time="2.669" errors="0" timestamp="2024-10-06T08:19:21 IST" skipped="0">
  <testcase classname="com.Capabilities.GetAllCapabilities" name="chromeCapability" time="2.669"/>
  <system-out/>
</testsuite> <!-- com.Capabilities.GetAllCapabilities -->
