<?xml version="1.0" encoding="UTF-8"?>
<!-- Generated by org.testng.reporters.JUnitReportReporter -->
<testsuite hostname="LAPTOP-5KMFOFH9" failures="0" tests="1" name="com.WaitsInSelenium.ExplicitWaitUsingWebDriverWaitClass3" time="11.630" errors="0" timestamp="2024-10-05T08:48:06 IST" skipped="0">
  <testcase classname="com.WaitsInSelenium.ExplicitWaitUsingWebDriverWaitClass3" name="example1" time="11.630"/>
  <system-out/>
</testsuite> <!-- com.WaitsInSelenium.ExplicitWaitUsingWebDriverWaitClass3 -->
