<?xml version="1.0" encoding="UTF-8"?>
<!-- Generated by org.testng.reporters.JUnitReportReporter -->
<testsuite hostname="LAPTOP-5KMFOFH9" failures="0" tests="2" name="com.TestNGFramework.TestDemo1" time="0.015" errors="0" timestamp="2024-10-06T09:21:03 IST" skipped="0">
  <testcase classname="com.TestNGFramework.TestDemo1" name="testCase1" time="0.012"/>
  <system-out/>
  <testcase classname="com.TestNGFramework.TestDemo1" name="testCase2" time="0.003"/>
  <system-out/>
</testsuite> <!-- com.TestNGFramework.TestDemo1 -->
