<?xml version="1.0" encoding="UTF-8"?>
<!-- Generated by org.testng.reporters.JUnitReportReporter -->
<testsuite hostname="LAPTOP-5KMFOFH9" failures="0" tests="1" name="com.WebElementHandling.GoibiboDropdownAutomation" time="6.396" errors="0" timestamp="2024-09-28T08:53:04 IST" skipped="0">
  <testcase classname="com.WebElementHandling.GoibiboDropdownAutomation" name="testDropdown" time="6.396"/>
  <system-out/>
</testsuite> <!-- com.WebElementHandling.GoibiboDropdownAutomation -->
