<?xml version="1.0" encoding="UTF-8"?>
<!-- Generated by org.testng.reporters.JUnitReportReporter -->
<testsuite hostname="LAPTOP-5KMFOFH9" failures="0" tests="1" name="com.MouseOperations.DragandDropAction" time="5.190" errors="0" timestamp="2024-10-06T07:51:55 IST" skipped="0">
  <testcase classname="com.MouseOperations.DragandDropAction" name="testDragnadrop" time="5.190"/>
  <system-out/>
</testsuite> <!-- com.MouseOperations.DragandDropAction -->
