<?xml version="1.0" encoding="UTF-8"?>
<!-- Generated by org.testng.reporters.JUnitReportReporter -->
<testsuite hostname="LAPTOP-5KMFOFH9" failures="0" tests="1" name="com.WebElementHandling.StaticWebTableHandling" time="8.289" errors="0" timestamp="2024-09-28T09:58:05 IST" skipped="0">
  <testcase classname="com.WebElementHandling.StaticWebTableHandling" name="testTable" time="8.289"/>
  <system-out/>
</testsuite> <!-- com.WebElementHandling.StaticWebTableHandling -->
