<?xml version="1.0" encoding="UTF-8"?>
<!-- Generated by org.testng.reporters.JUnitReportReporter -->
<testsuite hostname="LAPTOP-5KMFOFH9" failures="0" tests="1" name="com.WaitsInSelenium.ExplicitWaitUsingWebDriverWaitClass2" time="11.249" errors="0" timestamp="2024-10-05T08:38:48 IST" skipped="0">
  <testcase classname="com.WaitsInSelenium.ExplicitWaitUsingWebDriverWaitClass2" name="example1" time="11.249"/>
  <system-out/>
</testsuite> <!-- com.WaitsInSelenium.ExplicitWaitUsingWebDriverWaitClass2 -->
