<?xml version="1.0" encoding="UTF-8"?>
<!-- Generated by org.testng.reporters.JUnitReportReporter -->
<testsuite hostname="LAPTOP-5KMFOFH9" failures="0" tests="1" name="com.Capabilities.RunTestInIncognitoMode" time="4.387" errors="0" timestamp="2024-10-06T08:24:15 IST" skipped="0">
  <testcase classname="com.Capabilities.RunTestInIncognitoMode" name="testIncognitoBrowser" time="4.387"/>
  <system-out/>
</testsuite> <!-- com.Capabilities.RunTestInIncognitoMode -->
