<?xml version="1.0" encoding="UTF-8"?>
<!-- Generated by org.testng.reporters.JUnitReportReporter -->
<testsuite hostname="LAPTOP-5KMFOFH9" failures="0" tests="1" name="com.MouseOperations.RightClickAction" time="4.838" errors="0" timestamp="2024-10-05T10:07:08 IST" skipped="0">
  <testcase classname="com.MouseOperations.RightClickAction" name="testRightClickAction" time="4.838"/>
  <system-out/>
</testsuite> <!-- com.MouseOperations.RightClickAction -->
