<?xml version="1.0" encoding="UTF-8"?>
<!-- Generated by org.testng.reporters.JUnitReportReporter -->
<testsuite hostname="LAPTOP-5KMFOFH9" failures="0" tests="1" name="com.Capabilities.FileUploadUsingSendKeys" time="6.838" errors="0" timestamp="2024-10-06T08:58:10 IST" skipped="0">
  <testcase classname="com.Capabilities.FileUploadUsingSendKeys" name="testUpload" time="6.838"/>
  <system-out/>
</testsuite> <!-- com.Capabilities.FileUploadUsingSendKeys -->
