<?xml version="1.0" encoding="UTF-8"?>
<!-- Generated by org.testng.reporters.JUnitReportReporter -->
<testsuite hostname="LAPTOP-5KMFOFH9" failures="0" tests="1" name="com.MouseOperations.MouseOver" time="6.858" errors="0" timestamp="2024-10-06T07:46:30 IST" skipped="0">
  <testcase classname="com.MouseOperations.MouseOver" name="testMouseOverAction" time="6.858"/>
  <system-out/>
</testsuite> <!-- com.MouseOperations.MouseOver -->
