<?xml version="1.0" encoding="UTF-8"?>
<!-- Generated by org.testng.reporters.JUnitReportReporter -->
<testsuite hostname="LAPTOP-5KMFOFH9" failures="0" tests="1" name="com.MouseOperations.ResizeActions" time="4.939" errors="0" timestamp="2024-10-06T08:05:03 IST" skipped="0">
  <testcase classname="com.MouseOperations.ResizeActions" name="testResize" time="4.939"/>
  <system-out/>
</testsuite> <!-- com.MouseOperations.ResizeActions -->
