<?xml version="1.0" encoding="UTF-8"?>
<!-- Generated by org.testng.reporters.JUnitReportReporter -->
<testsuite hostname="LAPTOP-5KMFOFH9" failures="0" tests="1" name="com.WaitsInSelenium.ExplicitWaitUsingWebDriverWaitClass" time="6.584" errors="0" timestamp="2024-10-05T08:24:33 IST" skipped="0">
  <testcase classname="com.WaitsInSelenium.ExplicitWaitUsingWebDriverWaitClass" name="example1" time="6.584"/>
  <system-out/>
</testsuite> <!-- com.WaitsInSelenium.ExplicitWaitUsingWebDriverWaitClass -->
