<?xml version="1.0" encoding="UTF-8"?>
<!-- Generated by org.testng.reporters.JUnitReportReporter -->
<testsuite hostname="LAPTOP-5KMFOFH9" failures="0" tests="1" name="com.MouseOperations.SliderAction" time="4.834" errors="0" timestamp="2024-10-06T07:59:10 IST" skipped="0">
  <testcase classname="com.MouseOperations.SliderAction" name="testSlider" time="4.834"/>
  <system-out/>
</testsuite> <!-- com.MouseOperations.SliderAction -->
