<?xml version="1.0" encoding="UTF-8"?>
<!-- Generated by org.testng.reporters.JUnitReportReporter -->
<testsuite hostname="LAPTOP-5KMFOFH9" failures="0" tests="1" name="com.JavaScriptExecutor.ScrollIntoViewScenario" time="11.006" errors="0" timestamp="2024-10-05T09:44:23 IST" skipped="0">
  <testcase classname="com.JavaScriptExecutor.ScrollIntoViewScenario" name="f" time="11.006"/>
  <system-out/>
</testsuite> <!-- com.JavaScriptExecutor.ScrollIntoViewScenario -->
