<?xml version="1.0" encoding="UTF-8"?>
<!-- Generated by org.testng.reporters.JUnitReportReporter -->
<testsuite hostname="LAPTOP-5KMFOFH9" failures="0" tests="1" name="com.WebElementHandlingDay_2.FrameHandlingDemo1" time="7.739" errors="0" timestamp="2024-09-29T09:42:17 IST" skipped="0">
  <testcase classname="com.WebElementHandlingDay_2.FrameHandlingDemo1" name="testFrame" time="7.739"/>
  <system-out/>
</testsuite> <!-- com.WebElementHandlingDay_2.FrameHandlingDemo1 -->
