<?xml version="1.0" encoding="UTF-8"?>
<!-- Generated by org.testng.reporters.JUnitReportReporter -->
<testsuite hostname="LAPTOP-5KMFOFH9" failures="0" tests="1" name="com.WebElementHandlingDay_2.FrameHandlingDemo2" time="4.509" errors="0" timestamp="2024-09-29T09:54:13 IST" skipped="0">
  <testcase classname="com.WebElementHandlingDay_2.FrameHandlingDemo2" name="testNestedFrame" time="4.509"/>
  <system-out/>
</testsuite> <!-- com.WebElementHandlingDay_2.FrameHandlingDemo2 -->
