<?xml version="1.0" encoding="UTF-8"?>
<!-- Generated by org.testng.reporters.JUnitReportReporter -->
<testsuite hostname="LAPTOP-5KMFOFH9" failures="0" tests="1" name="com.Capabilities.FileDownLoadTest" time="6.688" errors="0" timestamp="2024-10-06T08:50:22 IST" skipped="0">
  <testcase classname="com.Capabilities.FileDownLoadTest" name="testFileDownload" time="6.688"/>
  <system-out/>
</testsuite> <!-- com.Capabilities.FileDownLoadTest -->
