<?xml version="1.0" encoding="UTF-8"?>
<!-- Generated by org.testng.reporters.JUnitReportReporter -->
<testsuite hostname="LAPTOP-5KMFOFH9" failures="0" tests="1" name="com.JavaScriptExecutor.JavascriptExecutorScenarios" time="12.238" errors="0" timestamp="2024-10-05T09:53:01 IST" skipped="0">
  <testcase classname="com.JavaScriptExecutor.JavascriptExecutorScenarios" name="testJavascriptScenario" time="12.238"/>
  <system-out/>
</testsuite> <!-- com.JavaScriptExecutor.JavascriptExecutorScenarios -->
