<?xml version="1.0" encoding="UTF-8"?>
<!-- Generated by org.testng.reporters.JUnitReportReporter -->
<testsuite hostname="LAPTOP-5KMFOFH9" failures="0" tests="1" name="com.WebElementHandling.PaginationTableScenario" time="8.425" errors="0" timestamp="2024-09-29T08:05:48 IST" skipped="0">
  <testcase classname="com.WebElementHandling.PaginationTableScenario" name="testWebTable" time="8.425"/>
  <system-out/>
</testsuite> <!-- com.WebElementHandling.PaginationTableScenario -->
